<?xml version="1.0" encoding="UTF-8"?>
<!-- Generated by org.testng.reporters.JUnitReportReporter -->
<testsuite hostname="DESKTOP-0N219U8" failures="0" tests="1" name="practice.Method" time="6.858" errors="0" timestamp="2022-10-11T12:22:08 IST" skipped="0">
  <testcase classname="practice.Method" name="methodTest" time="6.858"/>
  <system-out/>
</testsuite> <!-- practice.Method -->
