<?xml version="1.0" encoding="UTF-8"?>
<!-- Generated by org.testng.reporters.JUnitReportReporter -->
<testsuite hostname="DESKTOP-0N219U8" failures="0" tests="1" name="com.crm.Product.CreateProductAndDeleteProduct" time="90.568" errors="0" timestamp="2022-10-06T15:15:43 IST" skipped="0">
  <testcase classname="com.crm.Product.CreateProductAndDeleteProduct" name="CreateProducts" time="90.568"/>
  <system-out/>
</testsuite> <!-- com.crm.Product.CreateProductAndDeleteProduct -->
