<?xml version="1.0" encoding="UTF-8"?>
<!-- Generated by org.testng.reporters.JUnitReportReporter -->
<testsuite hostname="DESKTOP-0N219U8" failures="0" tests="1" name="com.crm.Organisation.CreateOrganisation" time="18.458" errors="0" timestamp="2022-10-10T16:46:47 IST" skipped="0">
  <testcase classname="com.crm.Organisation.CreateOrganisation" name="CreateOrganisations" time="18.458"/>
  <system-out/>
</testsuite> <!-- com.crm.Organisation.CreateOrganisation -->
