<?xml version="1.0" encoding="UTF-8"?>
<!-- Generated by org.testng.reporters.JUnitReportReporter -->
<testsuite hostname="DESKTOP-0N219U8" failures="0" tests="2" name="practice.DataProviderTest" time="35.880" errors="0" timestamp="2022-10-14T14:06:12 IST" skipped="0">
  <testcase classname="practice.DataProviderTest" name="productDetails" time="22.410"/>
  <system-out/>
  <testcase classname="practice.DataProviderTest" name="productDetails" time="13.470"/>
  <system-out/>
</testsuite> <!-- practice.DataProviderTest -->
