<?xml version="1.0" encoding="UTF-8"?>
<!-- Generated by org.testng.reporters.JUnitReportReporter -->
<testsuite hostname="DESKTOP-0N219U8" failures="0" tests="1" name="com.crm.Campagin.CreateCampaign" time="12.230" errors="0" timestamp="2022-10-11T13:07:23 IST" skipped="0">
  <testcase classname="com.crm.Campagin.CreateCampaign" name="CreateCampaigns" time="12.230"/>
  <system-out/>
</testsuite> <!-- com.crm.Campagin.CreateCampaign -->
