<?xml version="1.0" encoding="UTF-8"?>
<!-- Generated by org.testng.reporters.JUnitReportReporter -->
<testsuite hostname="DESKTOP-0N219U8" failures="0" tests="1" name="com.crm.Campagin.CreateCampaignWithProduct" time="24.244" errors="0" timestamp="2022-10-07T11:57:47 IST" skipped="0">
  <testcase classname="com.crm.Campagin.CreateCampaignWithProduct" name="CreateCampaignWithProducts" time="24.244"/>
  <system-out/>
</testsuite> <!-- com.crm.Campagin.CreateCampaignWithProduct -->
